<?xml version="1.0" encoding="UTF-8"?>
<testng-results skipped="0" failed="0" total="2" passed="2">
  <reporter-output>
  </reporter-output>
  <suite name="turtlemintAssignment" duration-ms="55812" started-at="2021-04-04T19:59:42Z" finished-at="2021-04-04T20:00:38Z">
    <groups>
    </groups>
    <test name="Problem1" duration-ms="39438" started-at="2021-04-04T19:59:42Z" finished-at="2021-04-04T20:00:22Z">
      <class name="com.turtlemint.testCases.Problem_1">
        <test-method status="PASS" signature="setup()[pri:0, instance:com.turtlemint.testCases.Problem_1@4678c730]" name="setup" is-config="true" duration-ms="8172" started-at="2021-04-05T01:29:42Z" finished-at="2021-04-05T01:29:50Z">
          <reporter-output>
          </reporter-output>
        </test-method> <!-- setup -->
        <test-method status="PASS" signature="TC100_LifeInsuranceTest()[pri:0, instance:com.turtlemint.testCases.Problem_1@4678c730]" name="TC100_LifeInsuranceTest" duration-ms="29168" started-at="2021-04-05T01:29:50Z" finished-at="2021-04-05T01:30:20Z">
          <reporter-output>
          </reporter-output>
        </test-method> <!-- TC100_LifeInsuranceTest -->
        <test-method status="PASS" signature="tearDown()[pri:0, instance:com.turtlemint.testCases.Problem_1@4678c730]" name="tearDown" is-config="true" duration-ms="2087" started-at="2021-04-05T01:30:20Z" finished-at="2021-04-05T01:30:22Z">
          <reporter-output>
          </reporter-output>
        </test-method> <!-- tearDown -->
      </class> <!-- com.turtlemint.testCases.Problem_1 -->
    </test> <!-- Problem1 -->
    <test name="Problem2" duration-ms="16215" started-at="2021-04-04T20:00:22Z" finished-at="2021-04-04T20:00:38Z">
      <class name="com.turtlemint.testCases.Problem_2">
        <test-method status="PASS" signature="setup()[pri:0, instance:com.turtlemint.testCases.Problem_2@604ed9f0]" name="setup" is-config="true" duration-ms="2126" started-at="2021-04-05T01:30:22Z" finished-at="2021-04-05T01:30:24Z">
          <reporter-output>
          </reporter-output>
        </test-method> <!-- setup -->
        <test-method status="PASS" signature="TC200_SearchProduct()[pri:0, instance:com.turtlemint.testCases.Problem_2@604ed9f0]" name="TC200_SearchProduct" duration-ms="13233" started-at="2021-04-05T01:30:24Z" finished-at="2021-04-05T01:30:37Z">
          <reporter-output>
          </reporter-output>
        </test-method> <!-- TC200_SearchProduct -->
        <test-method status="PASS" signature="tearDown()[pri:0, instance:com.turtlemint.testCases.Problem_2@604ed9f0]" name="tearDown" is-config="true" duration-ms="850" started-at="2021-04-05T01:30:37Z" finished-at="2021-04-05T01:30:38Z">
          <reporter-output>
          </reporter-output>
        </test-method> <!-- tearDown -->
      </class> <!-- com.turtlemint.testCases.Problem_2 -->
    </test> <!-- Problem2 -->
  </suite> <!-- turtlemintAssignment -->
</testng-results>
